0. ncsim 10.20-s114
1. Linux 2.6.9-78.ELsmp #1 SMP Thu Jul 24 23:54:48 EDT 2008 x86_64
2. CPU cores: 8
3. Runtime environment variables:
4. USER=vlsi1641
5. LOGNAME=vlsi1641
6. HOME=/home/user2/vlsi16/vlsi1641
7. PATH=/usr/cad/syntest/syntest/cur/TurboScan/bin:/usr/cad/syntest/syntest/cur/TurboDFT/bin:/usr/cad/syntest/syntest/cur/TurboCheck-Gate/bin:/usr/cad/syntest/syntest/cur/TurboBSD/bin:/usr/cad/syntest/syntest/cur/TurboBIST-Memory/bin:/usr/cad/spring_soft/laker/cur/bin:/usr/cad/spring_soft/verdi/cur/bin:/usr/cad/spring_soft/verdi/cur/nLint/bin:/usr/cad/mentor/dft/cur/bin:/usr/cad/mentor/tessent/cur/bin:/usr/cad/mentor/calibre/cur/bin:/usr/cad/mentor/modelsim/cur/bin:/usr/cad/cadence/IC/cur/tools/dfII/bin:/usr/cad/cadence/IC/cur/tools/dracula/bin:/usr/cad/cadence/IC/cur/tools/bin:/usr/cad/cadence/INCISIV/cur/tools/bin:/usr/cad/cadence/INCISIV/cur/tools/vtools/vfault/bin:/usr/cad/cadence/INCISIV/cur/tools/dfII/bin:/usr/cad/cadence/EDI/cur/tools/celtic/bin:/usr/cad/cadence/EDI/cur/tools/plato/bin:/usr/cad/cadence/EDI/cur/tools/dfII/bin:/usr/cad/cadence/EDI/cur/tools/fe/bin:/usr/cad/cadence/EDI/cur/tools/cdsdoc/bin:/usr/cad/cadence/EDI/cur/tools/bin:/usr/cad/cadence/EDI/cur//tools/tlfUtil/bin:/usr/cad/synopsys/star-rcxt/cur/amd64_starrc/bin:/usr/cad/synopsys/tmax/cur/bin:/usr/cad/synopsys/vcs/cur/bin:/usr/cad/synopsys/vcs/cur/linux/bin:/usr/cad/synopsys/vcs/cur/linux/util:/usr/cad/synopsys/vcs/cur/linux/flexlm:/usr/cad/synopsys/spice_explorer/cur/bin:/usr/cad/synopsys/icc/cur/amd64/syn/bin:/usr/cad/synopsys/nanosim/cur/bin:/usr/cad/synopsys/nanosim/cur/linux/ns/bin:/usr/bin/X11:/usr/cad/synopsys/primetime/cur/amd64/syn/bin:/usr/bin/X11:/usr/cad/synopsys/primepower/cur/bin:/usr/cad/synopsys/astro/cur/bin/AMD.64:/usr/cad/synopsys/hspice/cur/hspice/bin:/usr/cad/synopsys/hspice/cur/hspice/GNU/amd64/gcc-4.5.2-static/bin:/usr/cad/synopsys/hspice/cur/hspice/linux:/usr/bin:/usr/ucb/bin:/usr/bin/X11:/usr/cad/synopsys/synthesis/cur/amd64/syn/bin:/bin:/sbin:/usr/bin:/usr/ucb:/usr/sbin:/usr/local/bin:/etc:.
8. MAIL=/var/spool/mail/vlsi1641
9. SHELL=/bin/tcsh
10. SSH_CLIENT=::ffff:192.168.1.7 36395 22
11. SSH_CONNECTION=::ffff:192.168.1.7 36395 ::ffff:192.168.100.5 22
12. SSH_TTY=/dev/pts/6
13. TERM=xterm
14. DISPLAY=localhost:14.0
15. HOSTTYPE=x86_64-linux
16. VENDOR=unknown
17. OSTYPE=linux
18. MACHTYPE=x86_64
19. SHLVL=1
20. PWD=/home/user2/vlsi16/vlsi1641/lab5/ProbD
21. GROUP=stapdev
22. HOST=vlsicad5
23. REMOTEHOST=commonlab7
24. HOSTNAME=vlsicad5
25. INPUTRC=/etc/inputrc
26. LS_COLORS=no=00:fi=00:di=00;34;01:ln=00;36:pi=40;33:so=00;35:bd=40;33;01:cd=40;33;01:or=01;05;37;41:mi=01;05;37;41:ex=00;32:*.cmd=00;32:*.exe=00;32:*.com=00;32:*.btm=00;32:*.bat=00;32:*.sh=00;32:*.csh=00;32:*.tar=00;31:*.tgz=00;31:*.arj=00;31:*.taz=00;31:*.lzh=00;31:*.zip=00;31:*.z=00;31:*.Z=00;31:*.gz=00;31:*.bz2=00;31:*.bz=00;31:*.tz=00;31:*.rpm=00;31:*.cpio=00;31:*.jpg=00;35:*.gif=00;35:*.bmp=00;35:*.xbm=00;35:*.xpm=00;35:*.png=00;35:*.tif=00;35:
27. G_BROKEN_FILENAMES=1
28. SSH_ASKPASS=/usr/libexec/openssh/gnome-ssh-askpass
29. KDEDIR=/usr
30. LESSOPEN=|/usr/bin/lesspipe.sh %s
31. QTDIR=/usr/lib64/qt-3.3
32. LM_LICENSE_FILE=2700@lsncku:5229@lsncku:5219@lsncku:1717@lsncku:5280@lsncku:5280@lsncu:5280@lsntu:26585@lscic
33. SYNTHESIS=/usr/cad/synopsys/synthesis/cur
34. SYNOPSYS=/usr/cad/synopsys/icc/cur
35. SYN_MAN_DIR=/usr/cad/synopsys/synthesis/cur/doc/syn/man
36. MANPATH=/usr/cad/synopsys/nanosim/cur/doc/ns/man:/usr/cad/synopsys/primepower/cur/doc/pp/man:/usr/cad/synopsys/primepower/cur/doc/pt/man:/usr/cad/synopsys/synthesis/cur/doc/syn/man
37. installdir=/usr/cad/synopsys/hspice/cur/hspice
38. ARCH=linux
39. CMIARCH=RH
40. mraarch=linux
41. TMIARCH=RH
42. HSP_HOME=/usr/cad/synopsys/hspice/cur/hspice
43. SNPS_PLATFORM=linux
44. HSP_GCC=/usr/cad/synopsys/hspice/cur/hspice/GNU/amd64/gcc-4.5.2-static/bin/gcc -m32 
45. HSP_GCC_VERSION=4.5.2
46. LD_LIBRARY_PATH=/usr/cad/spring_soft/verdi/cur/share/PLI/IUS/LINUX/::/usr/cad/cadence/IC/cur/tools/lib:/usr/cad/cadence/INCISIV/cur/tools/lib:/usr/cad/cadence/INCISIV/cur/tools/vtools/vfault/lib:/usr/cad/cadence/EDI/cur//tools/tlfUtil/lib:/usr/cad/synopsys/hspice/cur/hspice/amd64/interfaces
47. CDS_LOAD_ENV=CSF
48. XKEYSYMDB=/usr/cad/synopsys/astro/cur/etc/XKeysymDB
49. XLOCALEDIR=/usr/cad/synopsys/astro/cur/etc/locale
50. PRIMEPOWER=/usr/cad/synopsys/primepower/cur
51. PRIMETIME=/usr/cad/synopsys/primetime/cur
52. SNPS_SIMIF=/usr/cad/synopsys/nanosim/cur
53. VCS_HOME=/usr/cad/synopsys/vcs/cur
54. VCS_CC=gcc
55. SYNOPSYS_TMAX=/usr/cad/synopsys/tmax/cur
56. ENCOUNTER=/usr/cad/cadence/EDI/cur/tools/fe
57. OAHOME=/usr/cad/cadence/EDI/cur/oa_v22.41.013
58. OA_HOME=/usr/cad/cadence/EDI/cur/oa_v22.41.013
59. CDS_Netlisting_Mode=Analog
60. MGC_HOME=/usr/cad/mentor/dft/cur
61. MGC_TMPDIR=/tmp
62. MGC_LOCATION_MAP=NO_MAP
63. SHLIB_PATH=/usr/cad/spring_soft/verdi/cur/share/PLI/IUS/LINUX
64. USE_PIPE=1
65. SYNTEST_LIB_PATH=/usr/cad/syntest/syntest/cur/TurboBSD/lib
66. SYNTEST=/usr/cad/syntest/syntest/cur/TurboScan
67. SYNTEST_TMP=.
68. /home/user2/vlsi16/vlsi1641/lab5/ProbD/INCA_libs/irun.lnx86.10.20.nc/svpp.ts
69. CDS_ARCH=lnx86
70. NCRUNMODE=ncverilog:./INCA_libs/irun.lnx86.10.20.nc
71. IRUNBATCH=FALSE
72. TCL_LIBRARY=/usr/cad/cadence/INCISIV/cur/tools/inca/files/tcl/library
73. Runtime command line arguments:
74. argv[0]=ncverilog
75. argv[1]=subsystem_tb.v
76. argv[2]=+define+FSDB
77. argv[3]=+access+r
78. profile - 100
          CPU/Mem usage: 0.020 sys,  0.040 user,  39.40M sys,  0.00M vm
79. VC callback profile - scalar:0 vector:0
80. Fri Apr  8 16:08:26 2016
81. pliAppInit
82. pliAppMiscSet: New Sim Round
83. argv[0]: subsystem.fsdb
84. Novas FSDB Dumper for IUS, Release 2010.10 (Linux) 10/01/2010
85. Copyright (C) 1996 - 2010 by SpringSoft, Inc.
86. ***********************************************************************
87. *  WARNING -                                                          *
88. *  The simulator version is newer than the FSDB dumper version which  *
89. *  may cause abnormal behavior. Please contact SpringSoft support at  *
90. *  support@springsoft.com for assistance.                             *
91. ***********************************************************************
92. sps_call_fsdbDumpfile at 0 : /home/user2/vlsi16/vlsi1641/lab5/ProbD/subsystem_tb.v(183)
93. argv[0]: subsystem.fsdb
94. *Novas* : Create FSDB file 'subsystem.fsdb'
95. sps_call_fsdbDumpvars at 0 : /home/user2/vlsi16/vlsi1641/lab5/ProbD/subsystem_tb.v(184)
96. *Novas* : Begin traversing the scopes, layer (0).
97. *Novas* : End of traversing.
98. fsdbDumpvars traverse var: profile - 
          CPU/Mem usage: 0.030 sys,  0.050 user,  44.91M sys,  0.00M vm
                   incr: 0.000 sys,  0.000 user,  2.42M sys,  0.00M vm
                   accu: 0.000 sys,  0.000 user,  2.42M sys,  0.00M vm
              accu incr: 0.000 sys,  0.000 user,  2.42M sys,  0.00M vm

          Count usage: 48 var,  36 idcode,  36 callback
                 incr: 48 var,  36 idcode,  36 callback
                 accu: 48 var,  36 idcode,  36 callback
            accu incr: 48 var,  36 idcode,  36 callback
99. VC callback profile - scalar:0 vector:0
100. Fri Apr  8 16:08:26 2016
101. fsdbDumpvars: profile - 
          CPU/Mem usage: 0.030 sys,  0.050 user,  45.97M sys,  0.00M vm
                   incr: 0.000 sys,  0.000 user,  1.05M sys,  0.00M vm
                   accu: 0.000 sys,  0.000 user,  3.47M sys,  0.00M vm
              accu incr: 0.000 sys,  0.000 user,  1.05M sys,  0.00M vm

          Count usage: 48 var,  36 idcode,  36 callback
                 incr: 0 var,  0 idcode,  0 callback
                 accu: 48 var,  36 idcode,  36 callback
            accu incr: 0 var,  0 idcode,  0 callback
102. VC callback profile - scalar:14 vector:22
103. Fri Apr  8 16:08:26 2016
104. End of simulation at 62700
105. VC callback profile - scalar:478 vector:622
106. Fri Apr  8 16:08:26 2016
107. Sim process exit



